<?xml version="1.0" encoding="UTF-8"?>
<coverage generated="1556224712903" clover="3.2.0">
  <project timestamp="1556224712903" name="All files">
    <metrics statements="39" coveredstatements="15" conditionals="25" coveredconditionals="1" methods="18" coveredmethods="8" elements="82" coveredelements="24" complexity="0" loc="39" ncloc="39" packages="3" files="4" classes="4"/>
    <package name="src">
      <metrics statements="23" coveredstatements="9" conditionals="6" coveredconditionals="1" methods="8" coveredmethods="4"/>
      <file name="App.js" path="/home/cory/development/Personal/findbadtweets/src/App.js">
        <metrics statements="23" coveredstatements="9" conditionals="6" coveredconditionals="1" methods="8" coveredmethods="4"/>
        <line num="13" count="2" type="stmt"/>
        <line num="38" count="0" type="stmt"/>
        <line num="42" count="0" type="stmt"/>
        <line num="43" count="0" type="stmt"/>
        <line num="44" count="0" type="stmt"/>
        <line num="45" count="0" type="stmt"/>
        <line num="50" count="3" type="stmt"/>
        <line num="51" count="3" type="stmt"/>
        <line num="52" count="0" type="stmt"/>
        <line num="53" count="0" type="stmt"/>
        <line num="54" count="0" type="stmt"/>
        <line num="55" count="0" type="cond" truecount="0" falsecount="4"/>
        <line num="57" count="0" type="stmt"/>
        <line num="66" count="0" type="stmt"/>
        <line num="67" count="0" type="stmt"/>
        <line num="74" count="0" type="stmt"/>
        <line num="79" count="3" type="cond" truecount="1" falsecount="1"/>
        <line num="80" count="0" type="stmt"/>
        <line num="86" count="3" type="stmt"/>
        <line num="92" count="3" type="stmt"/>
        <line num="101" count="2" type="stmt"/>
        <line num="102" count="3" type="stmt"/>
        <line num="107" count="4" type="stmt"/>
      </file>
    </package>
    <package name="src.Components">
      <metrics statements="8" coveredstatements="5" conditionals="4" coveredconditionals="0" methods="6" coveredmethods="3"/>
      <file name="Routes.js" path="/home/cory/development/Personal/findbadtweets/src/Components/Routes.js">
        <metrics statements="8" coveredstatements="5" conditionals="4" coveredconditionals="0" methods="6" coveredmethods="3"/>
        <line num="12" count="2" type="stmt"/>
        <line num="13" count="0" type="cond" truecount="0" falsecount="2"/>
        <line num="17" count="0" type="stmt"/>
        <line num="31" count="0" type="stmt"/>
        <line num="35" count="2" type="stmt"/>
        <line num="36" count="2" type="stmt"/>
        <line num="39" count="2" type="stmt"/>
        <line num="40" count="3" type="stmt"/>
      </file>
    </package>
    <package name="src.Components.Pages">
      <metrics statements="8" coveredstatements="1" conditionals="15" coveredconditionals="0" methods="4" coveredmethods="1"/>
      <file name="NotFoundComponent.js" path="/home/cory/development/Personal/findbadtweets/src/Components/Pages/NotFoundComponent.js">
        <metrics statements="1" coveredstatements="1" conditionals="0" coveredconditionals="0" methods="1" coveredmethods="1"/>
        <line num="5" count="1" type="stmt"/>
      </file>
      <file name="ProfileComponent.js" path="/home/cory/development/Personal/findbadtweets/src/Components/Pages/ProfileComponent.js">
        <metrics statements="7" coveredstatements="0" conditionals="15" coveredconditionals="0" methods="3" coveredmethods="0"/>
        <line num="17" count="0" type="cond" truecount="0" falsecount="2"/>
        <line num="22" count="0" type="stmt"/>
        <line num="27" count="0" type="cond" truecount="0" falsecount="5"/>
        <line num="28" count="0" type="stmt"/>
        <line num="33" count="0" type="cond" truecount="0" falsecount="2"/>
        <line num="38" count="0" type="stmt"/>
        <line num="44" count="0" type="stmt"/>
      </file>
    </package>
  </project>
</coverage>
