<?xml version="1.0" encoding="UTF-8"?>
<coverage generated="1556306935082" clover="3.2.0">
  <project timestamp="1556306935082" name="All files">
    <metrics statements="28" coveredstatements="18" conditionals="12" coveredconditionals="2" methods="11" coveredmethods="4" elements="51" coveredelements="24" complexity="0" loc="28" ncloc="28" packages="2" files="2" classes="2"/>
    <package name="src">
      <metrics statements="25" coveredstatements="18" conditionals="4" coveredconditionals="2" methods="9" coveredmethods="4"/>
      <file name="App.js" path="/home/cory/development/Personal/findbadtweets/src/App.js">
        <metrics statements="25" coveredstatements="18" conditionals="4" coveredconditionals="2" methods="9" coveredmethods="4"/>
        <line num="13" count="3" type="stmt"/>
        <line num="38" count="1" type="stmt"/>
        <line num="42" count="0" type="stmt"/>
        <line num="43" count="0" type="stmt"/>
        <line num="44" count="0" type="stmt"/>
        <line num="45" count="0" type="stmt"/>
        <line num="49" count="5" type="stmt"/>
        <line num="53" count="5" type="stmt"/>
        <line num="54" count="5" type="stmt"/>
        <line num="55" count="1" type="stmt"/>
        <line num="56" count="1" type="stmt"/>
        <line num="57" count="1" type="stmt"/>
        <line num="60" count="1" type="stmt"/>
        <line num="61" count="1" type="stmt"/>
        <line num="62" count="1" type="cond" truecount="1" falsecount="1"/>
        <line num="63" count="1" type="stmt"/>
        <line num="66" count="4" type="cond" truecount="1" falsecount="1"/>
        <line num="67" count="0" type="stmt"/>
        <line num="73" count="3" type="stmt"/>
        <line num="74" count="3" type="stmt"/>
        <line num="78" count="14" type="stmt"/>
        <line num="84" count="14" type="stmt"/>
        <line num="93" count="3" type="stmt"/>
        <line num="94" count="0" type="stmt"/>
        <line num="99" count="0" type="stmt"/>
      </file>
    </package>
    <package name="src.Components">
      <metrics statements="3" coveredstatements="0" conditionals="8" coveredconditionals="0" methods="2" coveredmethods="0"/>
      <file name="TopNav.js" path="/home/cory/development/Personal/findbadtweets/src/Components/TopNav.js">
        <metrics statements="3" coveredstatements="0" conditionals="8" coveredconditionals="0" methods="2" coveredmethods="0"/>
        <line num="9" count="0" type="stmt"/>
        <line num="10" count="0" type="stmt"/>
        <line num="14" count="0" type="stmt"/>
      </file>
    </package>
  </project>
</coverage>
