{"/home/cory/development/Personal/findbadtweets/src/App.js": {"path":"/home/cory/development/Personal/findbadtweets/src/App.js","statementMap":{"0":{"start":{"line":13,"column":0},"end":{"line":25,"column":3}},"1":{"start":{"line":38,"column":4},"end":{"line":38,"column":36}},"2":{"start":{"line":42,"column":4},"end":{"line":44,"column":58}},"3":{"start":{"line":43,"column":20},"end":{"line":43,"column":37}},"4":{"start":{"line":44,"column":20},"end":{"line":44,"column":56}},"5":{"start":{"line":45,"column":4},"end":{"line":45,"column":78}},"6":{"start":{"line":50,"column":4},"end":{"line":82,"column":5}},"7":{"start":{"line":51,"column":6},"end":{"line":51,"column":51}},"8":{"start":{"line":52,"column":6},"end":{"line":52,"column":57}},"9":{"start":{"line":53,"column":21},"end":{"line":53,"column":70}},"10":{"start":{"line":54,"column":6},"end":{"line":54,"column":40}},"11":{"start":{"line":55,"column":6},"end":{"line":73,"column":7}},"12":{"start":{"line":57,"column":38},"end":{"line":65,"column":9}},"13":{"start":{"line":66,"column":8},"end":{"line":66,"column":42}},"14":{"start":{"line":67,"column":8},"end":{"line":72,"column":11}},"15":{"start":{"line":74,"column":6},"end":{"line":77,"column":9}},"16":{"start":{"line":79,"column":6},"end":{"line":81,"column":7}},"17":{"start":{"line":80,"column":8},"end":{"line":80,"column":16}},"18":{"start":{"line":86,"column":23},"end":{"line":91,"column":5}},"19":{"start":{"line":92,"column":4},"end":{"line":97,"column":6}},"20":{"start":{"line":101,"column":22},"end":{"line":105,"column":1}},"21":{"start":{"line":102,"column":2},"end":{"line":104,"column":18}},"22":{"start":{"line":107,"column":21},"end":{"line":107,"column":38}}},"fnMap":{"0":{"name":"(anonymous_0)","decl":{"start":{"line":37,"column":21},"end":{"line":37,"column":22}},"loc":{"start":{"line":37,"column":39},"end":{"line":39,"column":3}},"line":37},"1":{"name":"(anonymous_1)","decl":{"start":{"line":41,"column":22},"end":{"line":41,"column":23}},"loc":{"start":{"line":41,"column":28},"end":{"line":46,"column":3}},"line":41},"2":{"name":"(anonymous_2)","decl":{"start":{"line":43,"column":12},"end":{"line":43,"column":13}},"loc":{"start":{"line":43,"column":20},"end":{"line":43,"column":37}},"line":43},"3":{"name":"(anonymous_3)","decl":{"start":{"line":44,"column":13},"end":{"line":44,"column":14}},"loc":{"start":{"line":44,"column":20},"end":{"line":44,"column":56}},"line":44},"4":{"name":"(anonymous_4)","decl":{"start":{"line":48,"column":2},"end":{"line":48,"column":3}},"loc":{"start":{"line":48,"column":28},"end":{"line":83,"column":3}},"line":48},"5":{"name":"(anonymous_5)","decl":{"start":{"line":85,"column":2},"end":{"line":85,"column":3}},"loc":{"start":{"line":85,"column":11},"end":{"line":98,"column":3}},"line":85},"6":{"name":"(anonymous_6)","decl":{"start":{"line":101,"column":22},"end":{"line":101,"column":23}},"loc":{"start":{"line":102,"column":2},"end":{"line":104,"column":18}},"line":102},"7":{"name":"(anonymous_7)","decl":{"start":{"line":107,"column":15},"end":{"line":107,"column":16}},"loc":{"start":{"line":107,"column":21},"end":{"line":107,"column":38}},"line":107}},"branchMap":{"0":{"loc":{"start":{"line":55,"column":6},"end":{"line":73,"column":7}},"type":"if","locations":[{"start":{"line":55,"column":6},"end":{"line":73,"column":7}},{"start":{"line":55,"column":6},"end":{"line":73,"column":7}}],"line":55},"1":{"loc":{"start":{"line":55,"column":10},"end":{"line":55,"column":37}},"type":"binary-expr","locations":[{"start":{"line":55,"column":10},"end":{"line":55,"column":15}},{"start":{"line":55,"column":19},"end":{"line":55,"column":37}}],"line":55},"2":{"loc":{"start":{"line":79,"column":6},"end":{"line":81,"column":7}},"type":"if","locations":[{"start":{"line":79,"column":6},"end":{"line":81,"column":7}},{"start":{"line":79,"column":6},"end":{"line":81,"column":7}}],"line":79}},"s":{"0":2,"1":0,"2":0,"3":0,"4":0,"5":0,"6":3,"7":3,"8":0,"9":0,"10":0,"11":0,"12":0,"13":0,"14":0,"15":0,"16":3,"17":0,"18":3,"19":3,"20":2,"21":3,"22":4},"f":{"0":0,"1":0,"2":0,"3":0,"4":3,"5":3,"6":3,"7":4},"b":{"0":[0,0],"1":[0,0],"2":[0,3]},"_coverageSchema":"43e27e138ebf9cfc5966b082cf9a028302ed4184","hash":"8d8204e3e9bfefd4e741be99e3aa6f050f97a5b7"}
,"/home/cory/development/Personal/findbadtweets/src/Components/Routes.js": {"path":"/home/cory/development/Personal/findbadtweets/src/Components/Routes.js","statementMap":{"0":{"start":{"line":12,"column":18},"end":{"line":33,"column":1}},"1":{"start":{"line":13,"column":2},"end":{"line":32,"column":4}},"2":{"start":{"line":17,"column":8},"end":{"line":27,"column":10}},"3":{"start":{"line":31,"column":39},"end":{"line":31,"column":72}},"4":{"start":{"line":35,"column":21},"end":{"line":37,"column":1}},"5":{"start":{"line":36,"column":2},"end":{"line":36,"column":74}},"6":{"start":{"line":36,"column":37},"end":{"line":36,"column":70}},"7":{"start":{"line":39,"column":15},"end":{"line":58,"column":1}},"8":{"start":{"line":40,"column":2},"end":{"line":57,"column":11}}},"fnMap":{"0":{"name":"(anonymous_0)","decl":{"start":{"line":12,"column":18},"end":{"line":12,"column":19}},"loc":{"start":{"line":12,"column":65},"end":{"line":33,"column":1}},"line":12},"1":{"name":"(anonymous_1)","decl":{"start":{"line":16,"column":17},"end":{"line":16,"column":18}},"loc":{"start":{"line":16,"column":35},"end":{"line":28,"column":7}},"line":16},"2":{"name":"(anonymous_2)","decl":{"start":{"line":31,"column":29},"end":{"line":31,"column":30}},"loc":{"start":{"line":31,"column":39},"end":{"line":31,"column":72}},"line":31},"3":{"name":"(anonymous_3)","decl":{"start":{"line":35,"column":21},"end":{"line":35,"column":22}},"loc":{"start":{"line":36,"column":2},"end":{"line":36,"column":74}},"line":36},"4":{"name":"(anonymous_4)","decl":{"start":{"line":36,"column":27},"end":{"line":36,"column":28}},"loc":{"start":{"line":36,"column":37},"end":{"line":36,"column":70}},"line":36},"5":{"name":"(anonymous_5)","decl":{"start":{"line":39,"column":15},"end":{"line":39,"column":16}},"loc":{"start":{"line":40,"column":2},"end":{"line":57,"column":11}},"line":40}},"branchMap":{"0":{"loc":{"start":{"line":13,"column":9},"end":{"line":32,"column":3}},"type":"cond-expr","locations":[{"start":{"line":14,"column":4},"end":{"line":29,"column":6}},{"start":{"line":31,"column":4},"end":{"line":31,"column":76}}],"line":13},"1":{"loc":{"start":{"line":21,"column":16},"end":{"line":23,"column":23}},"type":"cond-expr","locations":[{"start":{"line":22,"column":20},"end":{"line":22,"column":62}},{"start":{"line":23,"column":20},"end":{"line":23,"column":23}}],"line":21}},"s":{"0":2,"1":0,"2":0,"3":0,"4":2,"5":2,"6":2,"7":2,"8":3},"f":{"0":0,"1":0,"2":0,"3":2,"4":2,"5":3},"b":{"0":[0,0],"1":[0,0]},"_coverageSchema":"43e27e138ebf9cfc5966b082cf9a028302ed4184","hash":"9d59274c311512bbcfc3e076b5df1aaadf406bb6"}
,"/home/cory/development/Personal/findbadtweets/src/Components/Pages/NotFoundComponent.js": {"path":"/home/cory/development/Personal/findbadtweets/src/Components/Pages/NotFoundComponent.js","statementMap":{"0":{"start":{"line":5,"column":4},"end":{"line":5,"column":24}}},"fnMap":{"0":{"name":"(anonymous_0)","decl":{"start":{"line":4,"column":2},"end":{"line":4,"column":3}},"loc":{"start":{"line":4,"column":11},"end":{"line":6,"column":3}},"line":4}},"branchMap":{},"s":{"0":1},"f":{"0":1},"b":{},"_coverageSchema":"43e27e138ebf9cfc5966b082cf9a028302ed4184","hash":"5e16eb43d36f1967755f9e3710d04ca913c86012"}
,"/home/cory/development/Personal/findbadtweets/src/Components/Pages/ProfileComponent.js": {"path":"/home/cory/development/Personal/findbadtweets/src/Components/Pages/ProfileComponent.js","statementMap":{"0":{"start":{"line":17,"column":4},"end":{"line":23,"column":5}},"1":{"start":{"line":22,"column":6},"end":{"line":22,"column":24}},"2":{"start":{"line":27,"column":4},"end":{"line":29,"column":5}},"3":{"start":{"line":28,"column":21},"end":{"line":28,"column":69}},"4":{"start":{"line":33,"column":4},"end":{"line":45,"column":5}},"5":{"start":{"line":38,"column":6},"end":{"line":42,"column":8}},"6":{"start":{"line":44,"column":6},"end":{"line":44,"column":76}}},"fnMap":{"0":{"name":"(anonymous_0)","decl":{"start":{"line":16,"column":2},"end":{"line":16,"column":3}},"loc":{"start":{"line":16,"column":22},"end":{"line":24,"column":3}},"line":16},"1":{"name":"(anonymous_1)","decl":{"start":{"line":26,"column":2},"end":{"line":26,"column":3}},"loc":{"start":{"line":26,"column":21},"end":{"line":30,"column":3}},"line":26},"2":{"name":"(anonymous_2)","decl":{"start":{"line":32,"column":2},"end":{"line":32,"column":3}},"loc":{"start":{"line":32,"column":11},"end":{"line":46,"column":3}},"line":32}},"branchMap":{"0":{"loc":{"start":{"line":17,"column":4},"end":{"line":23,"column":5}},"type":"if","locations":[{"start":{"line":17,"column":4},"end":{"line":23,"column":5}},{"start":{"line":17,"column":4},"end":{"line":23,"column":5}}],"line":17},"1":{"loc":{"start":{"line":18,"column":6},"end":{"line":20,"column":65}},"type":"binary-expr","locations":[{"start":{"line":18,"column":6},"end":{"line":18,"column":16}},{"start":{"line":19,"column":6},"end":{"line":19,"column":20}},{"start":{"line":20,"column":6},"end":{"line":20,"column":65}}],"line":18},"2":{"loc":{"start":{"line":27,"column":4},"end":{"line":29,"column":5}},"type":"if","locations":[{"start":{"line":27,"column":4},"end":{"line":29,"column":5}},{"start":{"line":27,"column":4},"end":{"line":29,"column":5}}],"line":27},"3":{"loc":{"start":{"line":27,"column":8},"end":{"line":27,"column":65}},"type":"binary-expr","locations":[{"start":{"line":27,"column":8},"end":{"line":27,"column":18}},{"start":{"line":27,"column":22},"end":{"line":27,"column":38}},{"start":{"line":27,"column":42},"end":{"line":27,"column":65}}],"line":27},"4":{"loc":{"start":{"line":33,"column":4},"end":{"line":45,"column":5}},"type":"if","locations":[{"start":{"line":33,"column":4},"end":{"line":45,"column":5}},{"start":{"line":33,"column":4},"end":{"line":45,"column":5}}],"line":33},"5":{"loc":{"start":{"line":34,"column":6},"end":{"line":36,"column":65}},"type":"binary-expr","locations":[{"start":{"line":34,"column":6},"end":{"line":34,"column":16}},{"start":{"line":35,"column":6},"end":{"line":35,"column":20}},{"start":{"line":36,"column":6},"end":{"line":36,"column":65}}],"line":34}},"s":{"0":0,"1":0,"2":0,"3":0,"4":0,"5":0,"6":0},"f":{"0":0,"1":0,"2":0},"b":{"0":[0,0],"1":[0,0,0],"2":[0,0],"3":[0,0,0],"4":[0,0],"5":[0,0,0]},"_coverageSchema":"43e27e138ebf9cfc5966b082cf9a028302ed4184","hash":"9b288139224da91df2c5a02549672bac5e2fe552"}
}
