{"/home/cory/development/Personal/findbadtweets/src/App.js": {"path":"/home/cory/development/Personal/findbadtweets/src/App.js","statementMap":{"0":{"start":{"line":13,"column":0},"end":{"line":25,"column":3}},"1":{"start":{"line":38,"column":4},"end":{"line":38,"column":36}},"2":{"start":{"line":42,"column":4},"end":{"line":44,"column":58}},"3":{"start":{"line":43,"column":20},"end":{"line":43,"column":37}},"4":{"start":{"line":44,"column":20},"end":{"line":44,"column":56}},"5":{"start":{"line":45,"column":4},"end":{"line":45,"column":78}},"6":{"start":{"line":49,"column":4},"end":{"line":51,"column":7}},"7":{"start":{"line":53,"column":4},"end":{"line":69,"column":5}},"8":{"start":{"line":54,"column":6},"end":{"line":54,"column":59}},"9":{"start":{"line":55,"column":6},"end":{"line":55,"column":65}},"10":{"start":{"line":56,"column":6},"end":{"line":56,"column":50}},"11":{"start":{"line":57,"column":21},"end":{"line":59,"column":7}},"12":{"start":{"line":60,"column":6},"end":{"line":60,"column":40}},"13":{"start":{"line":61,"column":6},"end":{"line":61,"column":44}},"14":{"start":{"line":62,"column":6},"end":{"line":64,"column":7}},"15":{"start":{"line":63,"column":8},"end":{"line":63,"column":70}},"16":{"start":{"line":66,"column":6},"end":{"line":68,"column":7}},"17":{"start":{"line":67,"column":8},"end":{"line":67,"column":16}},"18":{"start":{"line":73,"column":4},"end":{"line":73,"column":50}},"19":{"start":{"line":74,"column":4},"end":{"line":74,"column":30}},"20":{"start":{"line":78,"column":23},"end":{"line":83,"column":5}},"21":{"start":{"line":84,"column":4},"end":{"line":89,"column":6}},"22":{"start":{"line":93,"column":22},"end":{"line":97,"column":1}},"23":{"start":{"line":94,"column":2},"end":{"line":96,"column":18}},"24":{"start":{"line":99,"column":21},"end":{"line":99,"column":38}}},"fnMap":{"0":{"name":"(anonymous_0)","decl":{"start":{"line":37,"column":21},"end":{"line":37,"column":22}},"loc":{"start":{"line":37,"column":39},"end":{"line":39,"column":3}},"line":37},"1":{"name":"(anonymous_1)","decl":{"start":{"line":41,"column":22},"end":{"line":41,"column":23}},"loc":{"start":{"line":41,"column":28},"end":{"line":46,"column":3}},"line":41},"2":{"name":"(anonymous_2)","decl":{"start":{"line":43,"column":12},"end":{"line":43,"column":13}},"loc":{"start":{"line":43,"column":20},"end":{"line":43,"column":37}},"line":43},"3":{"name":"(anonymous_3)","decl":{"start":{"line":44,"column":13},"end":{"line":44,"column":14}},"loc":{"start":{"line":44,"column":20},"end":{"line":44,"column":56}},"line":44},"4":{"name":"(anonymous_4)","decl":{"start":{"line":48,"column":2},"end":{"line":48,"column":3}},"loc":{"start":{"line":48,"column":29},"end":{"line":70,"column":3}},"line":48},"5":{"name":"(anonymous_5)","decl":{"start":{"line":72,"column":2},"end":{"line":72,"column":3}},"loc":{"start":{"line":72,"column":22},"end":{"line":75,"column":3}},"line":72},"6":{"name":"(anonymous_6)","decl":{"start":{"line":77,"column":2},"end":{"line":77,"column":3}},"loc":{"start":{"line":77,"column":11},"end":{"line":90,"column":3}},"line":77},"7":{"name":"(anonymous_7)","decl":{"start":{"line":93,"column":22},"end":{"line":93,"column":23}},"loc":{"start":{"line":94,"column":2},"end":{"line":96,"column":18}},"line":94},"8":{"name":"(anonymous_8)","decl":{"start":{"line":99,"column":15},"end":{"line":99,"column":16}},"loc":{"start":{"line":99,"column":21},"end":{"line":99,"column":38}},"line":99}},"branchMap":{"0":{"loc":{"start":{"line":62,"column":6},"end":{"line":64,"column":7}},"type":"if","locations":[{"start":{"line":62,"column":6},"end":{"line":64,"column":7}},{"start":{"line":62,"column":6},"end":{"line":64,"column":7}}],"line":62},"1":{"loc":{"start":{"line":66,"column":6},"end":{"line":68,"column":7}},"type":"if","locations":[{"start":{"line":66,"column":6},"end":{"line":68,"column":7}},{"start":{"line":66,"column":6},"end":{"line":68,"column":7}}],"line":66}},"s":{"0":3,"1":1,"2":0,"3":0,"4":0,"5":0,"6":5,"7":5,"8":5,"9":1,"10":1,"11":1,"12":1,"13":1,"14":1,"15":1,"16":4,"17":0,"18":3,"19":3,"20":14,"21":14,"22":3,"23":0,"24":0},"f":{"0":1,"1":0,"2":0,"3":0,"4":5,"5":3,"6":14,"7":0,"8":0},"b":{"0":[1,0],"1":[0,4]},"_coverageSchema":"43e27e138ebf9cfc5966b082cf9a028302ed4184","hash":"bdc3866dd2eb68f9f72c59796cf8978158400681"}
,"/home/cory/development/Personal/findbadtweets/src/Components/TopNav.js": {"path":"/home/cory/development/Personal/findbadtweets/src/Components/TopNav.js","statementMap":{"0":{"start":{"line":9,"column":4},"end":{"line":9,"column":23}},"1":{"start":{"line":10,"column":4},"end":{"line":10,"column":35}},"2":{"start":{"line":14,"column":4},"end":{"line":50,"column":6}}},"fnMap":{"0":{"name":"(anonymous_0)","decl":{"start":{"line":8,"column":2},"end":{"line":8,"column":3}},"loc":{"start":{"line":8,"column":13},"end":{"line":11,"column":3}},"line":8},"1":{"name":"(anonymous_1)","decl":{"start":{"line":13,"column":2},"end":{"line":13,"column":3}},"loc":{"start":{"line":13,"column":11},"end":{"line":51,"column":3}},"line":13}},"branchMap":{"0":{"loc":{"start":{"line":28,"column":15},"end":{"line":28,"column":47}},"type":"cond-expr","locations":[{"start":{"line":28,"column":32},"end":{"line":28,"column":42}},{"start":{"line":28,"column":45},"end":{"line":28,"column":47}}],"line":28},"1":{"loc":{"start":{"line":32,"column":19},"end":{"line":32,"column":69}},"type":"cond-expr","locations":[{"start":{"line":32,"column":36},"end":{"line":32,"column":64}},{"start":{"line":32,"column":67},"end":{"line":32,"column":69}}],"line":32},"2":{"loc":{"start":{"line":35,"column":17},"end":{"line":35,"column":69}},"type":"cond-expr","locations":[{"start":{"line":35,"column":34},"end":{"line":35,"column":64}},{"start":{"line":35,"column":67},"end":{"line":35,"column":69}}],"line":35},"3":{"loc":{"start":{"line":38,"column":13},"end":{"line":46,"column":13}},"type":"cond-expr","locations":[{"start":{"line":39,"column":14},"end":{"line":41,"column":23}},{"start":{"line":43,"column":14},"end":{"line":45,"column":24}}],"line":38}},"s":{"0":0,"1":0,"2":0},"f":{"0":0,"1":0},"b":{"0":[0,0],"1":[0,0],"2":[0,0],"3":[0,0]},"_coverageSchema":"43e27e138ebf9cfc5966b082cf9a028302ed4184","hash":"9b114d710b6c311b257ef850c0f68179f48eb720"}
}
