TN:
SF:/home/cory/development/Personal/findbadtweets/src/App.js
FN:37,(anonymous_0)
FN:41,(anonymous_1)
FN:43,(anonymous_2)
FN:44,(anonymous_3)
FN:48,(anonymous_4)
FN:72,(anonymous_5)
FN:77,(anonymous_6)
FN:93,(anonymous_7)
FN:99,(anonymous_8)
FNF:9
FNH:4
FNDA:1,(anonymous_0)
FNDA:0,(anonymous_1)
FNDA:0,(anonymous_2)
FNDA:0,(anonymous_3)
FNDA:5,(anonymous_4)
FNDA:3,(anonymous_5)
FNDA:14,(anonymous_6)
FNDA:0,(anonymous_7)
FNDA:0,(anonymous_8)
DA:13,3
DA:38,1
DA:42,0
DA:43,0
DA:44,0
DA:45,0
DA:49,5
DA:53,5
DA:54,5
DA:55,1
DA:56,1
DA:57,1
DA:60,1
DA:61,1
DA:62,1
DA:63,1
DA:66,4
DA:67,0
DA:73,3
DA:74,3
DA:78,14
DA:84,14
DA:93,3
DA:94,0
DA:99,0
LF:25
LH:18
BRDA:62,0,0,1
BRDA:62,0,1,0
BRDA:66,1,0,0
BRDA:66,1,1,4
BRF:4
BRH:2
end_of_record
TN:
SF:/home/cory/development/Personal/findbadtweets/src/Components/TopNav.js
FN:8,(anonymous_0)
FN:13,(anonymous_1)
FNF:2
FNH:0
FNDA:0,(anonymous_0)
FNDA:0,(anonymous_1)
DA:9,0
DA:10,0
DA:14,0
LF:3
LH:0
BRDA:28,0,0,0
BRDA:28,0,1,0
BRDA:32,1,0,0
BRDA:32,1,1,0
BRDA:35,2,0,0
BRDA:35,2,1,0
BRDA:38,3,0,0
BRDA:38,3,1,0
BRF:8
BRH:0
end_of_record
