TN:
SF:/home/cory/development/Personal/findbadtweets/src/App.js
FN:37,(anonymous_0)
FN:41,(anonymous_1)
FN:43,(anonymous_2)
FN:44,(anonymous_3)
FN:48,(anonymous_4)
FN:85,(anonymous_5)
FN:101,(anonymous_6)
FN:107,(anonymous_7)
FNF:8
FNH:4
FNDA:0,(anonymous_0)
FNDA:0,(anonymous_1)
FNDA:0,(anonymous_2)
FNDA:0,(anonymous_3)
FNDA:3,(anonymous_4)
FNDA:3,(anonymous_5)
FNDA:3,(anonymous_6)
FNDA:4,(anonymous_7)
DA:13,2
DA:38,0
DA:42,0
DA:43,0
DA:44,0
DA:45,0
DA:50,3
DA:51,3
DA:52,0
DA:53,0
DA:54,0
DA:55,0
DA:57,0
DA:66,0
DA:67,0
DA:74,0
DA:79,3
DA:80,0
DA:86,3
DA:92,3
DA:101,2
DA:102,3
DA:107,4
LF:23
LH:9
BRDA:55,0,0,0
BRDA:55,0,1,0
BRDA:55,1,0,0
BRDA:55,1,1,0
BRDA:79,2,0,0
BRDA:79,2,1,3
BRF:6
BRH:1
end_of_record
TN:
SF:/home/cory/development/Personal/findbadtweets/src/Components/Routes.js
FN:12,(anonymous_0)
FN:16,(anonymous_1)
FN:31,(anonymous_2)
FN:35,(anonymous_3)
FN:36,(anonymous_4)
FN:39,(anonymous_5)
FNF:6
FNH:3
FNDA:0,(anonymous_0)
FNDA:0,(anonymous_1)
FNDA:0,(anonymous_2)
FNDA:2,(anonymous_3)
FNDA:2,(anonymous_4)
FNDA:3,(anonymous_5)
DA:12,2
DA:13,0
DA:17,0
DA:31,0
DA:35,2
DA:36,2
DA:39,2
DA:40,3
LF:8
LH:5
BRDA:13,0,0,0
BRDA:13,0,1,0
BRDA:21,1,0,0
BRDA:21,1,1,0
BRF:4
BRH:0
end_of_record
TN:
SF:/home/cory/development/Personal/findbadtweets/src/Components/Pages/NotFoundComponent.js
FN:4,(anonymous_0)
FNF:1
FNH:1
FNDA:1,(anonymous_0)
DA:5,1
LF:1
LH:1
BRF:0
BRH:0
end_of_record
TN:
SF:/home/cory/development/Personal/findbadtweets/src/Components/Pages/ProfileComponent.js
FN:16,(anonymous_0)
FN:26,(anonymous_1)
FN:32,(anonymous_2)
FNF:3
FNH:0
FNDA:0,(anonymous_0)
FNDA:0,(anonymous_1)
FNDA:0,(anonymous_2)
DA:17,0
DA:22,0
DA:27,0
DA:28,0
DA:33,0
DA:38,0
DA:44,0
LF:7
LH:0
BRDA:17,0,0,0
BRDA:17,0,1,0
BRDA:18,1,0,0
BRDA:18,1,1,0
BRDA:18,1,2,0
BRDA:27,2,0,0
BRDA:27,2,1,0
BRDA:27,3,0,0
BRDA:27,3,1,0
BRDA:27,3,2,0
BRDA:33,4,0,0
BRDA:33,4,1,0
BRDA:34,5,0,0
BRDA:34,5,1,0
BRDA:34,5,2,0
BRF:15
BRH:0
end_of_record
